2018-12-02 20:02:00,423 desired_caps.py[line:27] INFO start app...
2018-12-02 20:07:10,299 desired_caps.py[line:27] INFO start app...
2018-12-02 20:31:58,969 desired_caps.py[line:26] INFO start app...
2018-12-02 20:32:08,736 common_fun.py[line:12] INFO ====check_openBtn====
2018-12-02 20:32:11,160 common_fun.py[line:21] INFO ===check cancelBtn===
2018-12-02 20:48:04,866 desired_caps.py[line:26] INFO start app...
2018-12-02 20:48:16,854 common_fun.py[line:12] INFO ====check_openBtn====
2018-12-02 20:51:40,781 desired_caps.py[line:26] INFO start app...
2018-12-02 20:51:50,431 common_fun.py[line:12] INFO ====check_openBtn====
2018-12-02 20:54:36,348 desired_caps.py[line:26] INFO start app...
2018-12-02 20:54:46,021 common_fun.py[line:12] INFO ====check_openBtn====
2018-12-02 20:54:48,380 common_fun.py[line:21] INFO ===check cancelBtn===
2018-12-02 20:55:56,286 desired_caps.py[line:26] INFO start app...
2018-12-02 20:56:08,285 common_fun.py[line:12] INFO ====check_openBtn====
2018-12-02 20:58:37,486 desired_caps.py[line:26] INFO start app...
2018-12-02 21:01:28,078 desired_caps.py[line:26] INFO start app...
2018-12-02 21:01:40,185 common_fun.py[line:12] INFO ====check_openBtn====
2018-12-02 21:04:48,871 desired_caps.py[line:26] INFO start app...
2018-12-02 21:04:58,720 common_fun.py[line:12] INFO ====check_openBtn====
2018-12-02 21:08:08,278 desired_caps.py[line:26] INFO start app...
2018-12-02 21:08:18,111 common_fun.py[line:21] INFO ===check cancelBtn===
2018-12-02 21:08:35,834 desired_caps.py[line:26] INFO start app...
2018-12-02 21:08:57,771 desired_caps.py[line:26] INFO start app...
2018-12-02 21:13:20,617 desired_caps.py[line:28] INFO start app...
2018-12-02 21:14:20,275 desired_caps.py[line:28] INFO start app...
2018-12-02 21:14:42,748 desired_caps.py[line:28] INFO start app...
2018-12-02 21:14:59,653 loginView.py[line:21] INFO ===login_action===
2018-12-02 21:14:59,653 loginView.py[line:22] INFO username is:15300752801
2018-12-02 21:15:05,252 loginView.py[line:25] INFO click codeBtn
2018-12-02 21:15:05,935 loginView.py[line:28] INFO password is:111111
2018-12-02 21:15:11,710 loginView.py[line:31] INFO click loginBtn
2018-12-02 21:15:12,661 loginView.py[line:33] INFO login finished!
2018-12-02 21:15:34,865 desired_caps.py[line:28] INFO start app...
2018-12-02 21:15:50,796 common_fun.py[line:12] INFO ====check_openBtn====
2018-12-02 21:18:00,158 desired_caps.py[line:28] INFO start app...
2018-12-02 21:18:13,579 common_fun.py[line:12] INFO ====check_openBtn====
2018-12-02 21:18:53,573 desired_caps.py[line:28] INFO start app...
2018-12-02 21:19:14,577 loginView.py[line:21] INFO ===login_action===
2018-12-02 21:19:14,577 loginView.py[line:22] INFO username is:15300752801
2018-12-02 21:38:11,791 desired_caps.py[line:28] INFO start app...
2018-12-03 15:15:14,003 desired_caps.py[line:28] INFO start app...
2018-12-03 15:21:10,124 desired_caps.py[line:28] INFO start app...
